2025-12-22 20:40:37,699 - INFO - feature_engineering - New engineered features successfully added.
2025-12-22 20:40:37,699 - INFO - use_feature_engineering - Feature engineering completed for TRAIN dataset.
2025-12-22 20:40:37,700 - INFO - use_feature_engineering - Feature engineering pipeline saved to pipeline/feature_engineering.joblib
2025-12-22 20:40:37,706 - INFO - feature_engineering - New engineered features successfully added.
2025-12-22 20:40:37,706 - INFO - use_feature_engineering - Feature engineering completed for TEST dataset.
2025-12-22 20:40:38,300 - INFO - use_feature_engineering - Engineered dataset saved to data/engineered/engineered_x_train.csv
2025-12-22 20:40:38,449 - INFO - use_feature_engineering - Engineered dataset saved to data/engineered/engineered_x_test.csv
2025-12-22 20:40:38,449 - INFO - use_feature_engineering - Successfully engineered the dataset and saved all outputs!
2026-01-01 11:06:57,318 - INFO - feature_engineering - New engineered features successfully added.
2026-01-01 11:08:39,510 - INFO - feature_engineering - New engineered features successfully added.
2026-01-01 11:08:39,510 - INFO - use_feature_engineering - Feature engineering completed for TRAIN dataset.
2026-01-01 11:08:39,511 - INFO - use_feature_engineering - Feature engineering pipeline saved to pipeline/feature_engineering.joblib
2026-01-01 11:08:39,528 - INFO - feature_engineering - New engineered features successfully added.
2026-01-01 11:08:39,529 - INFO - use_feature_engineering - Feature engineering completed for TEST dataset.
2026-01-01 11:08:40,398 - INFO - use_feature_engineering - Engineered dataset saved to data/engineered/engineered_x_train.csv
2026-01-01 11:08:40,615 - INFO - use_feature_engineering - Engineered dataset saved to data/engineered/engineered_x_test.csv
2026-01-01 11:08:40,615 - INFO - use_feature_engineering - Successfully engineered the dataset and saved all outputs!
2026-01-01 11:09:01,822 - INFO - feature_engineering - New engineered features successfully added.
2026-01-01 11:13:07,529 - INFO - feature_engineering - New engineered features successfully added.
2026-01-01 11:13:07,529 - INFO - use_feature_engineering - Feature engineering completed for TRAIN dataset.
2026-01-01 11:13:07,530 - INFO - use_feature_engineering - Feature engineering pipeline saved to pipeline/feature_engineering.joblib
2026-01-01 11:13:07,541 - INFO - feature_engineering - New engineered features successfully added.
2026-01-01 11:13:07,541 - INFO - use_feature_engineering - Feature engineering completed for TEST dataset.
2026-01-01 11:13:08,394 - INFO - use_feature_engineering - Engineered dataset saved to data/engineered/engineered_x_train.csv
2026-01-01 11:13:08,599 - INFO - use_feature_engineering - Engineered dataset saved to data/engineered/engineered_x_test.csv
2026-01-01 11:13:08,599 - INFO - use_feature_engineering - Successfully engineered the dataset and saved all outputs!
2026-01-01 11:53:37,308 - INFO - feature_engineering - New engineered features successfully added.
2026-01-01 11:54:55,929 - INFO - feature_engineering - New engineered features successfully added.
2026-01-01 11:56:35,946 - INFO - feature_engineering - New engineered features successfully added.
2026-01-01 11:56:36,006 - INFO - feature_engineering - New engineered features successfully added.
2026-01-01 11:58:36,655 - INFO - feature_engineering - New engineered features successfully added.
2026-01-01 11:58:36,715 - INFO - feature_engineering - New engineered features successfully added.
2026-01-01 12:13:21,683 - INFO - feature_engineering - New engineered features successfully added.
2026-01-01 12:13:22,335 - INFO - feature_engineering - New engineered features successfully added.
2026-01-01 12:13:52,315 - INFO - feature_engineering - New engineered features successfully added.
2026-01-01 12:14:00,099 - INFO - feature_engineering - New engineered features successfully added.
2026-01-01 12:19:05,946 - INFO - feature_engineering - New engineered features successfully added.
2026-01-01 12:19:11,879 - INFO - feature_engineering - New engineered features successfully added.
2026-01-01 12:24:50,816 - INFO - feature_engineering - New engineered features successfully added.
2026-01-01 12:24:50,816 - INFO - use_feature_engineering - Feature engineering completed for TRAIN dataset.
2026-01-01 12:24:50,817 - INFO - use_feature_engineering - Feature engineering pipeline saved to pipeline/feature_engineering.joblib
2026-01-01 12:24:50,827 - INFO - feature_engineering - New engineered features successfully added.
2026-01-01 12:24:50,827 - INFO - use_feature_engineering - Feature engineering completed for TEST dataset.
2026-01-01 12:24:51,678 - INFO - use_feature_engineering - Engineered dataset saved to data/engineered/engineered_x_train.csv
2026-01-01 12:24:51,887 - INFO - use_feature_engineering - Engineered dataset saved to data/engineered/engineered_x_test.csv
2026-01-01 12:24:51,887 - INFO - use_feature_engineering - Successfully engineered the dataset and saved all outputs!
2026-01-01 13:15:04,433 - INFO - feature_engineering - New engineered features successfully added.
2026-01-01 13:15:05,626 - INFO - feature_engineering - New engineered features successfully added.
2026-01-01 13:15:17,083 - INFO - feature_engineering - New engineered features successfully added.
2026-01-01 13:15:17,163 - INFO - feature_engineering - New engineered features successfully added.
2026-01-01 13:15:24,292 - INFO - feature_engineering - New engineered features successfully added.
2026-01-01 13:15:24,353 - INFO - feature_engineering - New engineered features successfully added.
2026-01-01 13:15:27,858 - INFO - feature_engineering - New engineered features successfully added.
2026-01-01 13:15:27,936 - INFO - feature_engineering - New engineered features successfully added.
2026-01-01 13:15:50,647 - INFO - feature_engineering - New engineered features successfully added.
2026-01-01 13:15:52,737 - INFO - feature_engineering - New engineered features successfully added.
2026-01-01 13:22:21,411 - INFO - feature_engineering - New engineered features successfully added.
2026-01-01 13:22:23,535 - INFO - feature_engineering - New engineered features successfully added.
2026-01-01 13:32:51,826 - INFO - feature_engineering - New engineered features successfully added.
2026-01-01 13:32:53,882 - INFO - feature_engineering - New engineered features successfully added.
2026-01-01 14:57:35,450 - INFO - feature_engineering - New engineered features successfully added.
2026-01-01 14:57:37,055 - INFO - feature_engineering - New engineered features successfully added.
2026-01-01 16:01:56,106 - INFO - feature_engineering - New engineered features successfully added.
2026-01-01 16:01:57,826 - INFO - feature_engineering - New engineered features successfully added.
2026-01-01 16:03:53,060 - INFO - feature_engineering - New engineered features successfully added.
2026-01-01 16:03:53,156 - INFO - feature_engineering - New engineered features successfully added.
